<?xml version="1.0" encoding="UTF-8"?>
<!-- Generated by org.testng.reporters.JUnitXMLReporter -->
<testsuite ignored="4" hostname="TYSS-Vasuki" failures="0" tests="1" name="Default test" time="33.685" errors="0" timestamp="2024-05-13T11:58:01 IST">
  <testcase classname="com.PIM.orangeHRM.EmployeeListTest" name="AddNewEmployee" time="26.224"/>
  <testcase classname="com.PIM.orangeHRM.EmployeeListTest" name="SearchBySupervisorName" time="0.0">
    <ignored/>
  </testcase> <!-- SearchBySupervisorName -->
  <testcase classname="com.PIM.orangeHRM.EmployeeListTest" name="SearchByEmployeeId" time="0.0">
    <ignored/>
  </testcase> <!-- SearchByEmployeeId -->
  <testcase classname="com.PIM.orangeHRM.EmployeeListTest" name="SearchByEmployeeStatus" time="0.0">
    <ignored/>
  </testcase> <!-- SearchByEmployeeStatus -->
  <testcase classname="com.PIM.orangeHRM.EmployeeListTest" name="SearchByEmployeeName" time="0.0">
    <ignored/>
  </testcase> <!-- SearchByEmployeeName -->
</testsuite> <!-- Default test -->
