<?xml version="1.0" encoding="UTF-8"?>
<!-- Generated by org.testng.reporters.JUnitXMLReporter -->
<testsuite ignored="4" hostname="TYSS-Vasuki" failures="0" tests="0" time="0.142" errors="0" timestamp="2024-05-27T11:46:54 IST">
  <testcase classname="com.admin.orangeHRM.UserManagementTest" name="delteAddedSystemUser" time="0.0">
    <ignored/>
  </testcase> <!-- delteAddedSystemUser -->
  <testcase classname="com.admin.orangeHRM.UserManagementTest" name="SearchSystemUser" time="0.0">
    <ignored/>
  </testcase> <!-- SearchSystemUser -->
  <testcase classname="com.admin.orangeHRM.UserManagementTest" name="SearchAddedSystemUser" time="0.0">
    <ignored/>
  </testcase> <!-- SearchAddedSystemUser -->
  <testcase classname="com.admin.orangeHRM.UserManagementTest" name="AddSystemUser" time="0.0">
    <ignored/>
  </testcase> <!-- AddSystemUser -->
</testsuite>
